<?xml version="1.0" encoding="UTF-8"?>
<testng-results ignored="1" total="3" passed="1" failed="1" skipped="0">
  <reporter-output>
  </reporter-output>
  <suite started-at="2024-04-07T09:33:12Z" name="Suite" finished-at="2024-04-07T09:33:48Z" duration-ms="35671">
    <groups>
    </groups>
    <test started-at="2024-04-07T09:33:12Z" name="StandAlone" finished-at="2024-04-07T09:33:48Z" duration-ms="35671">
      <class name="rahulShettyAcademy.Tests.ModifiedStandAloneTest">
        <test-method is-config="true" signature="launchApplication()[pri:0, instance:rahulShettyAcademy.Tests.ModifiedStandAloneTest@5b057c8c]" started-at="2024-04-07T09:33:12Z" name="launchApplication" finished-at="2024-04-07T09:33:16Z" duration-ms="3293" status="PASS">
          <reporter-output>
          </reporter-output>
        </test-method> <!-- launchApplication -->
        <test-method signature="shopOnWeb(java.util.HashMap)[pri:0, instance:rahulShettyAcademy.Tests.ModifiedStandAloneTest@5b057c8c]" started-at="2024-04-07T09:33:16Z" name="shopOnWeb" data-provider="getData" finished-at="2024-04-07T09:33:30Z" duration-ms="14698" status="PASS">
          <params>
            <param index="0">
              <value>
                <![CDATA[{password=Aaditi@30, product=ADIDAS ORIGINAL, email=sanrthd@gmail.com}]]>
              </value>
            </param>
          </params>
          <reporter-output>
          </reporter-output>
        </test-method> <!-- shopOnWeb -->
        <test-method is-config="true" signature="tearDown()[pri:0, instance:rahulShettyAcademy.Tests.ModifiedStandAloneTest@5b057c8c]" started-at="2024-04-07T09:33:30Z" name="tearDown" finished-at="2024-04-07T09:33:31Z" duration-ms="125" status="PASS">
          <reporter-output>
          </reporter-output>
        </test-method> <!-- tearDown -->
        <test-method is-config="true" signature="launchApplication()[pri:0, instance:rahulShettyAcademy.Tests.ModifiedStandAloneTest@5b057c8c]" started-at="2024-04-07T09:33:31Z" name="launchApplication" finished-at="2024-04-07T09:33:33Z" duration-ms="2322" status="PASS">
          <reporter-output>
          </reporter-output>
        </test-method> <!-- launchApplication -->
        <test-method signature="shopOnWeb(java.util.HashMap)[pri:0, instance:rahulShettyAcademy.Tests.ModifiedStandAloneTest@5b057c8c]" started-at="2024-04-07T09:33:33Z" name="shopOnWeb" data-provider="getData" finished-at="2024-04-07T09:33:48Z" duration-ms="14783" status="FAIL">
          <params>
            <param index="0">
              <value>
                <![CDATA[{password=Sandhya@Test1, product=ZARA COAT 3, email=SandhyaTest@gmail.com}]]>
              </value>
            </param>
          </params>
          <exception class="org.openqa.selenium.ElementClickInterceptedException">
            <message>
              <![CDATA[element click intercepted: Element is not clickable at point (1039, 573)
  (Session info: chrome=123.0.6312.106)
Build info: version: '4.18.1', revision: 'b1d3319b48'
System info: os.name: 'Windows 11', os.arch: 'amd64', os.version: '10.0', java.version: '17.0.3'
Driver info: org.openqa.selenium.chrome.ChromeDriver
Command: [b8b3160fb06233e455b4fefc1d1c5938, clickElement {id=f.84F80A0F9576E11591CD5E9DCBF4A527.d.02994814D930AA6DEDE51A8A0CD6FD42.e.102}]
Capabilities {acceptInsecureCerts: false, browserName: chrome, browserVersion: 123.0.6312.106, chrome: {chromedriverVersion: 123.0.6312.105 (399174dbe6e..., userDataDir: C:\Users\sanrt\AppData\Loca...}, fedcm:accounts: true, goog:chromeOptions: {debuggerAddress: localhost:63180}, networkConnectionEnabled: false, pageLoadStrategy: normal, platformName: windows, proxy: Proxy(), se:cdp: ws://localhost:63180/devtoo..., se:cdpVersion: 123.0.6312.106, setWindowRect: true, strictFileInteractability: false, timeouts: {implicit: 0, pageLoad: 300000, script: 30000}, unhandledPromptBehavior: dismiss and notify, webauthn:extension:credBlob: true, webauthn:extension:largeBlob: true, webauthn:extension:minPinLength: true, webauthn:extension:prf: true, webauthn:virtualAuthenticators: true}
Element: [[ChromeDriver: chrome on windows (b8b3160fb06233e455b4fefc1d1c5938)] -> xpath: //li/button[contains(text(),'Checkout')]]
Session ID: b8b3160fb06233e455b4fefc1d1c5938]]>
            </message>
            <full-stacktrace>
              <![CDATA[org.openqa.selenium.ElementClickInterceptedException: element click intercepted: Element is not clickable at point (1039, 573)
  (Session info: chrome=123.0.6312.106)
Build info: version: '4.18.1', revision: 'b1d3319b48'
System info: os.name: 'Windows 11', os.arch: 'amd64', os.version: '10.0', java.version: '17.0.3'
Driver info: org.openqa.selenium.chrome.ChromeDriver
Command: [b8b3160fb06233e455b4fefc1d1c5938, clickElement {id=f.84F80A0F9576E11591CD5E9DCBF4A527.d.02994814D930AA6DEDE51A8A0CD6FD42.e.102}]
Capabilities {acceptInsecureCerts: false, browserName: chrome, browserVersion: 123.0.6312.106, chrome: {chromedriverVersion: 123.0.6312.105 (399174dbe6e..., userDataDir: C:\Users\sanrt\AppData\Loca...}, fedcm:accounts: true, goog:chromeOptions: {debuggerAddress: localhost:63180}, networkConnectionEnabled: false, pageLoadStrategy: normal, platformName: windows, proxy: Proxy(), se:cdp: ws://localhost:63180/devtoo..., se:cdpVersion: 123.0.6312.106, setWindowRect: true, strictFileInteractability: false, timeouts: {implicit: 0, pageLoad: 300000, script: 30000}, unhandledPromptBehavior: dismiss and notify, webauthn:extension:credBlob: true, webauthn:extension:largeBlob: true, webauthn:extension:minPinLength: true, webauthn:extension:prf: true, webauthn:virtualAuthenticators: true}
Element: [[ChromeDriver: chrome on windows (b8b3160fb06233e455b4fefc1d1c5938)] -> xpath: //li/button[contains(text(),'Checkout')]]
Session ID: b8b3160fb06233e455b4fefc1d1c5938
at java.base/jdk.internal.reflect.NativeConstructorAccessorImpl.newInstance0(Native Method)
at java.base/jdk.internal.reflect.NativeConstructorAccessorImpl.newInstance(NativeConstructorAccessorImpl.java:77)
at java.base/jdk.internal.reflect.DelegatingConstructorAccessorImpl.newInstance(DelegatingConstructorAccessorImpl.java:45)
at java.base/java.lang.reflect.Constructor.newInstanceWithCaller(Constructor.java:499)
at java.base/java.lang.reflect.Constructor.newInstance(Constructor.java:480)
at org.openqa.selenium.remote.ErrorCodec.decode(ErrorCodec.java:167)
at org.openqa.selenium.remote.codec.w3c.W3CHttpResponseCodec.decode(W3CHttpResponseCodec.java:138)
at org.openqa.selenium.remote.codec.w3c.W3CHttpResponseCodec.decode(W3CHttpResponseCodec.java:50)
at org.openqa.selenium.remote.HttpCommandExecutor.execute(HttpCommandExecutor.java:190)
at org.openqa.selenium.remote.service.DriverCommandExecutor.invokeExecute(DriverCommandExecutor.java:216)
at org.openqa.selenium.remote.service.DriverCommandExecutor.execute(DriverCommandExecutor.java:174)
at org.openqa.selenium.remote.RemoteWebDriver.execute(RemoteWebDriver.java:519)
at org.openqa.selenium.remote.RemoteWebElement.execute(RemoteWebElement.java:223)
at org.openqa.selenium.remote.RemoteWebElement.click(RemoteWebElement.java:76)
at java.base/jdk.internal.reflect.NativeMethodAccessorImpl.invoke0(Native Method)
at java.base/jdk.internal.reflect.NativeMethodAccessorImpl.invoke(NativeMethodAccessorImpl.java:77)
at java.base/jdk.internal.reflect.DelegatingMethodAccessorImpl.invoke(DelegatingMethodAccessorImpl.java:43)
at java.base/java.lang.reflect.Method.invoke(Method.java:568)
at org.openqa.selenium.support.pagefactory.internal.LocatingElementHandler.invoke(LocatingElementHandler.java:51)
at jdk.proxy2/jdk.proxy2.$Proxy17.click(Unknown Source)
at rahulShettyAcademy.pageobjects.CartPage.clickOnCheckout(CartPage.java:43)
at rahulShettyAcademy.Tests.ModifiedStandAloneTest.shopOnWeb(ModifiedStandAloneTest.java:36)
at java.base/jdk.internal.reflect.NativeMethodAccessorImpl.invoke0(Native Method)
at java.base/jdk.internal.reflect.NativeMethodAccessorImpl.invoke(NativeMethodAccessorImpl.java:77)
at java.base/jdk.internal.reflect.DelegatingMethodAccessorImpl.invoke(DelegatingMethodAccessorImpl.java:43)
at java.base/java.lang.reflect.Method.invoke(Method.java:568)
at org.testng.internal.MethodInvocationHelper.invokeMethod(MethodInvocationHelper.java:124)
at org.testng.internal.Invoker.invokeMethod(Invoker.java:583)
at org.testng.internal.Invoker.invokeTestMethod(Invoker.java:719)
at org.testng.internal.Invoker.invokeTestMethods(Invoker.java:989)
at org.testng.internal.TestMethodWorker.invokeTestMethods(TestMethodWorker.java:125)
at org.testng.internal.TestMethodWorker.run(TestMethodWorker.java:109)
at org.testng.TestRunner.privateRun(TestRunner.java:648)
at org.testng.TestRunner.run(TestRunner.java:505)
at org.testng.SuiteRunner.runTest(SuiteRunner.java:455)
at org.testng.SuiteRunner.access$000(SuiteRunner.java:40)
at org.testng.SuiteRunner$SuiteWorker.run(SuiteRunner.java:489)
at org.testng.internal.thread.ThreadUtil$1.call(ThreadUtil.java:52)
at java.base/java.util.concurrent.FutureTask.run(FutureTask.java:264)
at java.base/java.util.concurrent.ThreadPoolExecutor.runWorker(ThreadPoolExecutor.java:1136)
at java.base/java.util.concurrent.ThreadPoolExecutor$Worker.run(ThreadPoolExecutor.java:635)
at java.base/java.lang.Thread.run(Thread.java:833)
]]>
            </full-stacktrace>
          </exception> <!-- org.openqa.selenium.ElementClickInterceptedException -->
          <reporter-output>
          </reporter-output>
        </test-method> <!-- shopOnWeb -->
        <test-method is-config="true" signature="tearDown()[pri:0, instance:rahulShettyAcademy.Tests.ModifiedStandAloneTest@5b057c8c]" started-at="2024-04-07T09:33:48Z" name="tearDown" finished-at="2024-04-07T09:33:48Z" duration-ms="95" status="PASS">
          <reporter-output>
          </reporter-output>
        </test-method> <!-- tearDown -->
      </class> <!-- rahulShettyAcademy.Tests.ModifiedStandAloneTest -->
    </test> <!-- StandAlone -->
  </suite> <!-- Suite -->
</testng-results>
